#
# There is insufficient memory for the Java Runtime Environment to continue.
# Native memory allocation (malloc) failed to allocate 1048576 bytes. Error detail: AllocateHeap
# Possible reasons:
#   The system is out of physical RAM or swap space
#   This process is running with CompressedOops enabled, and the Java Heap may be blocking the growth of the native heap
# Possible solutions:
#   Reduce memory load on the system
#   Increase physical memory or swap space
#   Check if swap backing store is full
#   Decrease Java heap size (-Xmx/-Xms)
#   Decrease number of Java threads
#   Decrease Java thread stack sizes (-Xss)
#   Set larger code cache with -XX:ReservedCodeCacheSize=
#   JVM is running with Unscaled Compressed Oops mode in which the Java heap is
#     placed in the first 4GB address space. The Java Heap base address is the
#     maximum limit for the native heap growth. Please use -XX:HeapBaseMinAddress
#     to set the Java Heap base and to place the Java Heap above 4GB virtual address.
# This output file may be truncated or incomplete.
#
#  Out of Memory Error (allocation.cpp:44), pid=15824, tid=700
#
# JRE version: OpenJDK Runtime Environment Temurin-21.0.8+9 (21.0.8+9) (build 21.0.8+9-LTS)
# Java VM: OpenJDK 64-Bit Server VM Temurin-21.0.8+9 (21.0.8+9-LTS, mixed mode, sharing, tiered, compressed oops, compressed class ptrs, parallel gc, windows-amd64)
# No core dump will be written. Minidumps are not enabled by default on client versions of Windows
#

---------------  S U M M A R Y ------------

Command Line: --add-modules=ALL-SYSTEM --add-opens=java.base/java.util=ALL-UNNAMED --add-opens=java.base/java.lang=ALL-UNNAMED --add-opens=java.base/sun.nio.fs=ALL-UNNAMED -Declipse.application=org.eclipse.jdt.ls.core.id1 -Dosgi.bundles.defaultStartLevel=4 -Declipse.product=org.eclipse.jdt.ls.core.product -Djava.import.generatesMetadataFilesAtProjectRoot=false -DDetectVMInstallationsJob.disabled=true -Dfile.encoding=utf8 -XX:+UseParallelGC -XX:GCTimeRatio=4 -XX:AdaptiveSizePolicyWeight=90 -Dsun.zip.disableMemoryMapping=true -Xmx2G -Xms100m -Xlog:disable -javaagent:c:\Users\Varsh\.vscode\extensions\redhat.java-1.47.0-win32-x64\lombok\lombok-1.18.39-4050.jar -XX:+HeapDumpOnOutOfMemoryError -XX:HeapDumpPath=c:\Users\Varsh\AppData\Roaming\Code\User\workspaceStorage\b79f4f753b550173b9aa1c3b1c5025d1\redhat.java -Daether.dependencyCollector.impl=bf c:\Users\Varsh\.vscode\extensions\redhat.java-1.47.0-win32-x64\server\plugins\org.eclipse.equinox.launcher_1.7.100.v20251014-1222.jar -configuration c:\Users\Varsh\AppData\Roaming\Code\User\globalStorage\redhat.java\1.47.0\config_win -data c:\Users\Varsh\AppData\Roaming\Code\User\workspaceStorage\b79f4f753b550173b9aa1c3b1c5025d1\redhat.java\jdt_ws --pipe=\\.\pipe\lsp-7f85d7cd195a6301d30454e8f96113a4-sock

Host: Intel(R) Pentium(R) CPU 5405U @ 2.30GHz, 4 cores, 11G,  Windows 11 , 64 bit Build 26100 (10.0.26100.6690)
Time: Mon Nov 17 12:57:07 2025 India Standard Time elapsed time: 145177.109381 seconds (1d 16h 19m 37s)

---------------  T H R E A D  ---------------

Current thread (0x000001aec7dff660):  JavaThread "Attach Listener" daemon [_thread_in_vm, id=700, stack(0x000000220ce00000,0x000000220cf00000) (1024K)]

Stack: [0x000000220ce00000,0x000000220cf00000]
Native frames: (J=compiled Java code, j=interpreted, Vv=VM code, C=native code)
V  [jvm.dll+0x6d2449]
V  [jvm.dll+0x8ae341]
V  [jvm.dll+0x8b08be]
V  [jvm.dll+0x8b0fa3]
V  [jvm.dll+0x280c96]
V  [jvm.dll+0xc0347]
V  [jvm.dll+0x6d2cf9]
V  [jvm.dll+0x131116]
V  [jvm.dll+0x3f2d16]
V  [jvm.dll+0x857e6b]
V  [jvm.dll+0x6d0b0d]
C  [ucrtbase.dll+0x37b0]
C  [KERNEL32.DLL+0x2e8d7]
C  [ntdll.dll+0x8c53c]


---------------  P R O C E S S  ---------------

Threads class SMR info:
_java_thread_list=0x000001af10ddd220, length=31, elements={
0x000001aeb141fa20, 0x000001aec7df4400, 0x000001aec7df6f60, 0x000001aec7dfec10,
0x000001aec7dff660, 0x000001aec7e000b0, 0x000001aec7e00b00, 0x000001aec7e01930,
0x000001aec7e371f0, 0x000001af09ac0690, 0x000001af09e9e900, 0x000001af0e5e87e0,
0x000001af0e6875b0, 0x000001aec7e78d80, 0x000001af09ab1710, 0x000001af09d0b200,
0x000001af0e9cd050, 0x000001af0e6b4830, 0x000001af0e6b6270, 0x000001af0e6b4ec0,
0x000001af1169e950, 0x000001af1169e2c0, 0x000001af1169cf10, 0x000001af1169fd00,
0x000001af1169efe0, 0x000001af116a0390, 0x000001af1169dc30, 0x000001af116a0a20,
0x000001af116a3810, 0x000001af1097f650, 0x000001af1169d5a0
}

Java Threads: ( => current thread )
  0x000001aeb141fa20 JavaThread "main"                              [_thread_blocked, id=21576, stack(0x000000220c700000,0x000000220c800000) (1024K)]
  0x000001aec7df4400 JavaThread "Reference Handler"          daemon [_thread_blocked, id=17708, stack(0x000000220cb00000,0x000000220cc00000) (1024K)]
  0x000001aec7df6f60 JavaThread "Finalizer"                  daemon [_thread_blocked, id=14992, stack(0x000000220cc00000,0x000000220cd00000) (1024K)]
  0x000001aec7dfec10 JavaThread "Signal Dispatcher"          daemon [_thread_blocked, id=14996, stack(0x000000220cd00000,0x000000220ce00000) (1024K)]
=>0x000001aec7dff660 JavaThread "Attach Listener"            daemon [_thread_in_vm, id=700, stack(0x000000220ce00000,0x000000220cf00000) (1024K)]
  0x000001aec7e000b0 JavaThread "Service Thread"             daemon [_thread_blocked, id=18876, stack(0x000000220cf00000,0x000000220d000000) (1024K)]
  0x000001aec7e00b00 JavaThread "Monitor Deflation Thread"   daemon [_thread_blocked, id=18244, stack(0x000000220d000000,0x000000220d100000) (1024K)]
  0x000001aec7e01930 JavaThread "C2 CompilerThread0"         daemon [_thread_blocked, id=6848, stack(0x000000220d100000,0x000000220d200000) (1024K)]
  0x000001aec7e371f0 JavaThread "C1 CompilerThread0"         daemon [_thread_blocked, id=20924, stack(0x000000220d200000,0x000000220d300000) (1024K)]
  0x000001af09ac0690 JavaThread "Common-Cleaner"             daemon [_thread_blocked, id=20168, stack(0x000000220d300000,0x000000220d400000) (1024K)]
  0x000001af09e9e900 JavaThread "Notification Thread"        daemon [_thread_blocked, id=16784, stack(0x000000220d400000,0x000000220d500000) (1024K)]
  0x000001af0e5e87e0 JavaThread "Active Thread: Equinox Container: 90f29e16-afbb-47e1-82dc-fe012bb2ea66"        [_thread_blocked, id=22136, stack(0x000000220d800000,0x000000220d900000) (1024K)]
  0x000001af0e6875b0 JavaThread "Refresh Thread: Equinox Container: 90f29e16-afbb-47e1-82dc-fe012bb2ea66" daemon [_thread_blocked, id=20996, stack(0x000000220d900000,0x000000220da00000) (1024K)]
  0x000001aec7e78d80 JavaThread "Framework Event Dispatcher: Equinox Container: 90f29e16-afbb-47e1-82dc-fe012bb2ea66" daemon [_thread_blocked, id=22656, stack(0x000000220da00000,0x000000220db00000) (1024K)]
  0x000001af09ab1710 JavaThread "Start Level: Equinox Container: 90f29e16-afbb-47e1-82dc-fe012bb2ea66" daemon [_thread_blocked, id=12828, stack(0x000000220db00000,0x000000220dc00000) (1024K)]
  0x000001af09d0b200 JavaThread "Bundle File Closer"         daemon [_thread_blocked, id=19720, stack(0x000000220dc00000,0x000000220dd00000) (1024K)]
  0x000001af0e9cd050 JavaThread "SCR Component Actor"        daemon [_thread_blocked, id=18576, stack(0x000000220c500000,0x000000220c600000) (1024K)]
  0x000001af0e6b4830 JavaThread "Worker-JM"                         [_thread_blocked, id=5464, stack(0x000000220c600000,0x000000220c700000) (1024K)]
  0x000001af0e6b6270 JavaThread "JNA Cleaner"                daemon [_thread_blocked, id=22060, stack(0x000000220df00000,0x000000220e000000) (1024K)]
  0x000001af0e6b4ec0 JavaThread "Java indexing"              daemon [_thread_blocked, id=22144, stack(0x000000220e300000,0x000000220e400000) (1024K)]
  0x000001af1169e950 JavaThread "Thread-1"                   daemon [_thread_in_native, id=18684, stack(0x000000220e800000,0x000000220e900000) (1024K)]
  0x000001af1169e2c0 JavaThread "Thread-2"                   daemon [_thread_in_native, id=18608, stack(0x000000220e900000,0x000000220ea00000) (1024K)]
  0x000001af1169cf10 JavaThread "Thread-3"                   daemon [_thread_in_native, id=7600, stack(0x000000220ea00000,0x000000220eb00000) (1024K)]
  0x000001af1169fd00 JavaThread "Thread-4"                   daemon [_thread_in_native, id=10732, stack(0x000000220eb00000,0x000000220ec00000) (1024K)]
  0x000001af1169efe0 JavaThread "Thread-5"                   daemon [_thread_in_native, id=19956, stack(0x000000220ec00000,0x000000220ed00000) (1024K)]
  0x000001af116a0390 JavaThread "pool-2-thread-1"                   [_thread_blocked, id=8648, stack(0x000000220ed00000,0x000000220ee00000) (1024K)]
  0x000001af1169dc30 JavaThread "WorkspaceEventsHandler"            [_thread_blocked, id=21724, stack(0x000000220ee00000,0x000000220ef00000) (1024K)]
  0x000001af116a0a20 JavaThread "pool-1-thread-1"                   [_thread_blocked, id=21964, stack(0x000000220ef00000,0x000000220f000000) (1024K)]
  0x000001af116a3810 JavaThread "Cleaner-0"                  daemon [_thread_blocked, id=17284, stack(0x000000220f500000,0x000000220f600000) (1024K)]
  0x000001af1097f650 JavaThread "Worker-15"                         [_thread_blocked, id=19972, stack(0x000000220e200000,0x000000220e300000) (1024K)]
  0x000001af1169d5a0 JavaThread "Worker-19"                         [_thread_blocked, id=17216, stack(0x000000220e500000,0x000000220e600000) (1024K)]
Total: 31

Other Threads:
  0x000001aec7def9d0 VMThread "VM Thread"                           [id=21508, stack(0x000000220ca00000,0x000000220cb00000) (1024K)]
  0x000001aec7d8cb00 WatcherThread "VM Periodic Task Thread"        [id=7764, stack(0x000000220c900000,0x000000220ca00000) (1024K)]
  0x000001aeb1434c00 WorkerThread "GC Thread#0"                     [id=9416, stack(0x000000220c800000,0x000000220c900000) (1024K)]
  0x000001af0e2264b0 WorkerThread "GC Thread#1"                     [id=9088, stack(0x000000220d500000,0x000000220d600000) (1024K)]
  0x000001af0e05eec0 WorkerThread "GC Thread#2"                     [id=21708, stack(0x000000220d600000,0x000000220d700000) (1024K)]
  0x000001af0e05f260 WorkerThread "GC Thread#3"                     [id=18168, stack(0x000000220d700000,0x000000220d800000) (1024K)]
Total: 6

Threads with active compile tasks:
Total: 0

VM state: not at safepoint (normal execution)

VM Mutex/Monitor currently owned by a thread: None

Heap address: 0x0000000080000000, size: 2048 MB, Compressed Oops mode: 32-bit

CDS archive(s) mapped at: [0x000001aec8000000-0x000001aec8ba0000-0x000001aec8ba0000), size 12189696, SharedBaseAddress: 0x000001aec8000000, ArchiveRelocationMode: 1.
Compressed class space mapped at: 0x000001aec9000000-0x000001af09000000, reserved size: 1073741824
Narrow klass base: 0x000001aec8000000, Narrow klass shift: 0, Narrow klass range: 0x100000000

GC Precious Log:
 CardTable entry size: 512
 CPUs: 4 total, 4 available
 Memory: 12165M
 Large Page Support: Disabled
 NUMA Support: Disabled
 Compressed Oops: Enabled (32-bit)
 Alignments: Space 512K, Generation 512K, Heap 2M
 Heap Min Capacity: 100M
 Heap Initial Capacity: 100M
 Heap Max Capacity: 2G
 Pre-touch: Disabled
 Parallel Workers: 4

Heap:
 PSYoungGen      total 35328K, used 29424K [0x00000000d5580000, 0x00000000d7b80000, 0x0000000100000000)
  eden space 34816K, 83% used [0x00000000d5580000,0x00000000d71e4080,0x00000000d7780000)
  from space 512K, 68% used [0x00000000d7a80000,0x00000000d7ad8000,0x00000000d7b00000)
  to   space 512K, 0% used [0x00000000d7b00000,0x00000000d7b00000,0x00000000d7b80000)
 ParOldGen       total 1226752K, used 125146K [0x0000000080000000, 0x00000000cae00000, 0x00000000d5580000)
  object space 1226752K, 10% used [0x0000000080000000,0x0000000087a36b18,0x00000000cae00000)
 Metaspace       used 86670K, committed 88192K, reserved 1179648K
  class space    used 8520K, committed 9216K, reserved 1048576K

Card table byte_map: [0x000001aeb0dc0000,0x000001aeb11d0000] _byte_map_base: 0x000001aeb09c0000

Marking Bits: (ParMarkBitMap*) 0x00007ffb56d0a340
 Begin Bits: [0x000001aec38b0000, 0x000001aec58b0000)
 End Bits:   [0x000001aec58b0000, 0x000001aec78b0000)

Polling page: 0x000001aeaf2e0000

Metaspace:

Usage:
  Non-class:     76.32 MB used.
      Class:      8.32 MB used.
       Both:     84.64 MB used.

Virtual space:
  Non-class space:      128.00 MB reserved,      77.12 MB ( 60%) committed,  2 nodes.
      Class space:        1.00 GB reserved,       9.00 MB ( <1%) committed,  1 nodes.
             Both:        1.12 GB reserved,      86.12 MB (  7%) committed. 

Chunk freelists:
   Non-Class:  2.69 MB
       Class:  6.91 MB
        Both:  9.60 MB

MaxMetaspaceSize: unlimited
CompressedClassSpaceSize: 1.00 GB
Initial GC threshold: 21.00 MB
Current GC threshold: 143.56 MB
CDS: on
 - commit_granule_bytes: 65536.
 - commit_granule_words: 8192.
 - virtual_space_node_default_size: 8388608.
 - enlarge_chunks_in_place: 1.
 - use_allocation_guard: 0.


Internal statistics:

num_allocs_failed_limit: 9.
num_arena_births: 1738.
num_arena_deaths: 336.
num_vsnodes_births: 3.
num_vsnodes_deaths: 0.
num_space_committed: 1378.
num_space_uncommitted: 0.
num_chunks_returned_to_freelist: 384.
num_chunks_taken_from_freelist: 6077.
num_chunk_merges: 105.
num_chunk_splits: 3528.
num_chunks_enlarged: 1965.
num_inconsistent_stats: 0.

CodeHeap 'non-profiled nmethods': size=120000Kb used=23579Kb max_used=28813Kb free=96420Kb
 bounds [0x000001aebc0d0000, 0x000001aebdd00000, 0x000001aec3600000]
CodeHeap 'profiled nmethods': size=120000Kb used=42187Kb max_used=53805Kb free=77812Kb
 bounds [0x000001aeb4600000, 0x000001aeb7aa0000, 0x000001aebbb30000]
CodeHeap 'non-nmethods': size=5760Kb used=1511Kb max_used=1608Kb free=4248Kb
 bounds [0x000001aebbb30000, 0x000001aebbda0000, 0x000001aebc0d0000]
CodeCache: size=245760Kb, used=67277Kb, max_used=84226Kb, free=178480Kb
 total_blobs=18175, nmethods=17345, adapters=729, full_count=0
Compilation: enabled, stopped_count=0, restarted_count=0

Compilation events (20 events):
Event: 137587.830 Thread 0x000001aec7e371f0 nmethod 25527 0x000001aebc0de910 code [0x000001aebc0deaa0, 0x000001aebc0deb68]
Event: 137587.831 Thread 0x000001aec7e01930 nmethod 25528 0x000001aebc157a90 code [0x000001aebc157c40, 0x000001aebc157dc8]
Event: 137587.938 Thread 0x000001aec7e371f0 25529       3       org.eclipse.jdt.internal.core.builder.IncrementalImageBuilder::findSourceFiles (1517 bytes)
Event: 137587.970 Thread 0x000001aec7e371f0 nmethod 25529 0x000001aeb74dd510 code [0x000001aeb74de4e0, 0x000001aeb74e8240]
Event: 137588.056 Thread 0x000001aec7e01930 25530   !   4       org.eclipse.core.filesystem.provider.FileStore::fetchInfo (27 bytes)
Event: 137588.131 Thread 0x000001aec7e01930 nmethod 25530 0x000001aebc45df90 code [0x000001aebc45e340, 0x000001aebc45ff50]
Event: 137588.131 Thread 0x000001aec7e01930 25531       4       org.eclipse.core.internal.filesystem.local.LocalFile::fetchInfo (45 bytes)
Event: 137588.195 Thread 0x000001aec7e01930 nmethod 25531 0x000001aebcd0b090 code [0x000001aebcd0b440, 0x000001aebcd0d218]
Event: 137588.195 Thread 0x000001aec7e01930 25532   !   4       org.eclipse.core.internal.filesystem.local.Win32Handler::fetchFileInfo (231 bytes)
Event: 137588.233 Thread 0x000001aec7e01930 nmethod 25532 0x000001aebcbdd690 code [0x000001aebcbdda20, 0x000001aebcbdf438]
Event: 137643.694 Thread 0x000001aec7e371f0 25533       3       sun.nio.ch.Util$BufferCache::isEmpty (13 bytes)
Event: 137643.694 Thread 0x000001aec7e371f0 nmethod 25533 0x000001aeb481cb10 code [0x000001aeb481cca0, 0x000001aeb481ce00]
Event: 137718.768 Thread 0x000001aec7e371f0 25534       1       org.eclipse.core.internal.resources.Workspace::getSaveManager (5 bytes)
Event: 137718.769 Thread 0x000001aec7e371f0 nmethod 25534 0x000001aebc0e3d10 code [0x000001aebc0e3ea0, 0x000001aebc0e3f68]
Event: 137718.776 Thread 0x000001aec7e371f0 25535       3       org.eclipse.jdt.internal.core.JavaModelManager$VariablesAndContainersSaveHelper::saveInt (9 bytes)
Event: 137718.778 Thread 0x000001aec7e371f0 nmethod 25535 0x000001aeb474aa90 code [0x000001aeb474acc0, 0x000001aeb474b498]
Event: 137718.891 Thread 0x000001aec7e371f0 25536       3       org.eclipse.core.internal.dtree.AbstractDataTreeNode::assembleWith (124 bytes)
Event: 137718.892 Thread 0x000001aec7e371f0 nmethod 25536 0x000001aeb4bda290 code [0x000001aeb4bda520, 0x000001aeb4bdb1b0]
Event: 139561.902 Thread 0x000001aec7e01930 25537       4       java.util.concurrent.Executors$RunnableAdapter::call (14 bytes)
Event: 139561.905 Thread 0x000001aec7e01930 nmethod 25537 0x000001aebc0e8410 code [0x000001aebc0e85a0, 0x000001aebc0e8660]

GC Heap History (20 events):
Event: 137504.650 GC heap before
{Heap before GC invocations=2674 (full 5):
 PSYoungGen      total 22528K, used 21490K [0x00000000d5580000, 0x00000000d7080000, 0x0000000100000000)
  eden space 22016K, 96% used [0x00000000d5580000,0x00000000d6a44bd8,0x00000000d6b00000)
  from space 512K, 43% used [0x00000000d7000000,0x00000000d7038000,0x00000000d7080000)
  to   space 1024K, 0% used [0x00000000d6e80000,0x00000000d6e80000,0x00000000d6f80000)
 ParOldGen       total 1226752K, used 544874K [0x0000000080000000, 0x00000000cae00000, 0x00000000d5580000)
  object space 1226752K, 44% used [0x0000000080000000,0x00000000a141abd8,0x00000000cae00000)
 Metaspace       used 86563K, committed 88128K, reserved 1179648K
  class space    used 8517K, committed 9216K, reserved 1048576K
}
Event: 137504.735 GC heap after
{Heap after GC invocations=2674 (full 5):
 PSYoungGen      total 23040K, used 224K [0x00000000d5580000, 0x00000000d7080000, 0x0000000100000000)
  eden space 22016K, 0% used [0x00000000d5580000,0x00000000d5580000,0x00000000d6b00000)
  from space 1024K, 21% used [0x00000000d6e80000,0x00000000d6eb8000,0x00000000d6f80000)
  to   space 512K, 0% used [0x00000000d7000000,0x00000000d7000000,0x00000000d7080000)
 ParOldGen       total 1226752K, used 545033K [0x0000000080000000, 0x00000000cae00000, 0x00000000d5580000)
  object space 1226752K, 44% used [0x0000000080000000,0x00000000a14425e8,0x00000000cae00000)
 Metaspace       used 86563K, committed 88128K, reserved 1179648K
  class space    used 8517K, committed 9216K, reserved 1048576K
}
Event: 137504.858 GC heap before
{Heap before GC invocations=2675 (full 5):
 PSYoungGen      total 23040K, used 20837K [0x00000000d5580000, 0x00000000d7080000, 0x0000000100000000)
  eden space 22016K, 93% used [0x00000000d5580000,0x00000000d69a17d8,0x00000000d6b00000)
  from space 1024K, 21% used [0x00000000d6e80000,0x00000000d6eb8000,0x00000000d6f80000)
  to   space 512K, 0% used [0x00000000d7000000,0x00000000d7000000,0x00000000d7080000)
 ParOldGen       total 1226752K, used 545033K [0x0000000080000000, 0x00000000cae00000, 0x00000000d5580000)
  object space 1226752K, 44% used [0x0000000080000000,0x00000000a14425e8,0x00000000cae00000)
 Metaspace       used 86569K, committed 88128K, reserved 1179648K
  class space    used 8517K, committed 9216K, reserved 1048576K
}
Event: 137505.132 GC heap after
{Heap after GC invocations=2675 (full 5):
 PSYoungGen      total 26112K, used 502K [0x00000000d5580000, 0x00000000d7280000, 0x0000000100000000)
  eden space 25600K, 0% used [0x00000000d5580000,0x00000000d5580000,0x00000000d6e80000)
  from space 512K, 98% used [0x00000000d7000000,0x00000000d707db88,0x00000000d7080000)
  to   space 1536K, 0% used [0x00000000d6e80000,0x00000000d6e80000,0x00000000d7000000)
 ParOldGen       total 1226752K, used 545595K [0x0000000080000000, 0x00000000cae00000, 0x00000000d5580000)
  object space 1226752K, 44% used [0x0000000080000000,0x00000000a14ceec0,0x00000000cae00000)
 Metaspace       used 86569K, committed 88128K, reserved 1179648K
  class space    used 8517K, committed 9216K, reserved 1048576K
}
Event: 137505.276 GC heap before
{Heap before GC invocations=2676 (full 5):
 PSYoungGen      total 26112K, used 25896K [0x00000000d5580000, 0x00000000d7280000, 0x0000000100000000)
  eden space 25600K, 99% used [0x00000000d5580000,0x00000000d6e4c6f8,0x00000000d6e80000)
  from space 512K, 98% used [0x00000000d7000000,0x00000000d707db88,0x00000000d7080000)
  to   space 1536K, 0% used [0x00000000d6e80000,0x00000000d6e80000,0x00000000d7000000)
 ParOldGen       total 1226752K, used 545595K [0x0000000080000000, 0x00000000cae00000, 0x00000000d5580000)
  object space 1226752K, 44% used [0x0000000080000000,0x00000000a14ceec0,0x00000000cae00000)
 Metaspace       used 86581K, committed 88128K, reserved 1179648K
  class space    used 8517K, committed 9216K, reserved 1048576K
}
Event: 137505.525 GC heap after
{Heap after GC invocations=2676 (full 5):
 PSYoungGen      total 27136K, used 1521K [0x00000000d5580000, 0x00000000d7980000, 0x0000000100000000)
  eden space 25600K, 0% used [0x00000000d5580000,0x00000000d5580000,0x00000000d6e80000)
  from space 1536K, 99% used [0x00000000d6e80000,0x00000000d6ffc500,0x00000000d7000000)
  to   space 3072K, 0% used [0x00000000d7680000,0x00000000d7680000,0x00000000d7980000)
 ParOldGen       total 1226752K, used 546463K [0x0000000080000000, 0x00000000cae00000, 0x00000000d5580000)
  object space 1226752K, 44% used [0x0000000080000000,0x00000000a15a7da8,0x00000000cae00000)
 Metaspace       used 86581K, committed 88128K, reserved 1179648K
  class space    used 8517K, committed 9216K, reserved 1048576K
}
Event: 137505.628 GC heap before
{Heap before GC invocations=2677 (full 5):
 PSYoungGen      total 27136K, used 27121K [0x00000000d5580000, 0x00000000d7980000, 0x0000000100000000)
  eden space 25600K, 100% used [0x00000000d5580000,0x00000000d6e80000,0x00000000d6e80000)
  from space 1536K, 99% used [0x00000000d6e80000,0x00000000d6ffc500,0x00000000d7000000)
  to   space 3072K, 0% used [0x00000000d7680000,0x00000000d7680000,0x00000000d7980000)
 ParOldGen       total 1226752K, used 546463K [0x0000000080000000, 0x00000000cae00000, 0x00000000d5580000)
  object space 1226752K, 44% used [0x0000000080000000,0x00000000a15a7da8,0x00000000cae00000)
 Metaspace       used 86582K, committed 88128K, reserved 1179648K
  class space    used 8517K, committed 9216K, reserved 1048576K
}
Event: 137505.634 GC heap after
{Heap after GC invocations=2677 (full 5):
 PSYoungGen      total 32768K, used 2023K [0x00000000d5580000, 0x00000000d7880000, 0x0000000100000000)
  eden space 30720K, 0% used [0x00000000d5580000,0x00000000d5580000,0x00000000d7380000)
  from space 2048K, 98% used [0x00000000d7680000,0x00000000d7879f70,0x00000000d7880000)
  to   space 2560K, 0% used [0x00000000d7380000,0x00000000d7380000,0x00000000d7600000)
 ParOldGen       total 1226752K, used 546519K [0x0000000080000000, 0x00000000cae00000, 0x00000000d5580000)
  object space 1226752K, 44% used [0x0000000080000000,0x00000000a15b5c78,0x00000000cae00000)
 Metaspace       used 86582K, committed 88128K, reserved 1179648K
  class space    used 8517K, committed 9216K, reserved 1048576K
}
Event: 137505.699 GC heap before
{Heap before GC invocations=2678 (full 5):
 PSYoungGen      total 32768K, used 32254K [0x00000000d5580000, 0x00000000d7880000, 0x0000000100000000)
  eden space 30720K, 98% used [0x00000000d5580000,0x00000000d7305c68,0x00000000d7380000)
  from space 2048K, 98% used [0x00000000d7680000,0x00000000d7879f70,0x00000000d7880000)
  to   space 2560K, 0% used [0x00000000d7380000,0x00000000d7380000,0x00000000d7600000)
 ParOldGen       total 1226752K, used 546519K [0x0000000080000000, 0x00000000cae00000, 0x00000000d5580000)
  object space 1226752K, 44% used [0x0000000080000000,0x00000000a15b5c78,0x00000000cae00000)
 Metaspace       used 86582K, committed 88128K, reserved 1179648K
  class space    used 8517K, committed 9216K, reserved 1048576K
}
Event: 137505.911 GC heap after
{Heap after GC invocations=2678 (full 5):
 PSYoungGen      total 33280K, used 690K [0x00000000d5580000, 0x00000000d7c80000, 0x0000000100000000)
  eden space 30720K, 0% used [0x00000000d5580000,0x00000000d5580000,0x00000000d7380000)
  from space 2560K, 26% used [0x00000000d7380000,0x00000000d742c910,0x00000000d7600000)
  to   space 1536K, 0% used [0x00000000d7b00000,0x00000000d7b00000,0x00000000d7c80000)
 ParOldGen       total 1226752K, used 547590K [0x0000000080000000, 0x00000000cae00000, 0x00000000d5580000)
  object space 1226752K, 44% used [0x0000000080000000,0x00000000a16c1be8,0x00000000cae00000)
 Metaspace       used 86582K, committed 88128K, reserved 1179648K
  class space    used 8517K, committed 9216K, reserved 1048576K
}
Event: 137506.077 GC heap before
{Heap before GC invocations=2679 (full 5):
 PSYoungGen      total 33280K, used 31410K [0x00000000d5580000, 0x00000000d7c80000, 0x0000000100000000)
  eden space 30720K, 100% used [0x00000000d5580000,0x00000000d7380000,0x00000000d7380000)
  from space 2560K, 26% used [0x00000000d7380000,0x00000000d742c910,0x00000000d7600000)
  to   space 1536K, 0% used [0x00000000d7b00000,0x00000000d7b00000,0x00000000d7c80000)
 ParOldGen       total 1226752K, used 547590K [0x0000000080000000, 0x00000000cae00000, 0x00000000d5580000)
  object space 1226752K, 44% used [0x0000000080000000,0x00000000a16c1be8,0x00000000cae00000)
 Metaspace       used 86583K, committed 88128K, reserved 1179648K
  class space    used 8517K, committed 9216K, reserved 1048576K
}
Event: 137506.084 GC heap after
{Heap after GC invocations=2679 (full 5):
 PSYoungGen      total 37888K, used 888K [0x00000000d5580000, 0x00000000d7c00000, 0x0000000100000000)
  eden space 36864K, 0% used [0x00000000d5580000,0x00000000d5580000,0x00000000d7980000)
  from space 1024K, 86% used [0x00000000d7b00000,0x00000000d7bde128,0x00000000d7c00000)
  to   space 1024K, 0% used [0x00000000d7a00000,0x00000000d7a00000,0x00000000d7b00000)
 ParOldGen       total 1226752K, used 547609K [0x0000000080000000, 0x00000000cae00000, 0x00000000d5580000)
  object space 1226752K, 44% used [0x0000000080000000,0x00000000a16c64f8,0x00000000cae00000)
 Metaspace       used 86583K, committed 88128K, reserved 1179648K
  class space    used 8517K, committed 9216K, reserved 1048576K
}
Event: 137506.520 GC heap before
{Heap before GC invocations=2680 (full 5):
 PSYoungGen      total 37888K, used 30670K [0x00000000d5580000, 0x00000000d7c00000, 0x0000000100000000)
  eden space 36864K, 80% used [0x00000000d5580000,0x00000000d72957f8,0x00000000d7980000)
  from space 1024K, 86% used [0x00000000d7b00000,0x00000000d7bde128,0x00000000d7c00000)
  to   space 1024K, 0% used [0x00000000d7a00000,0x00000000d7a00000,0x00000000d7b00000)
 ParOldGen       total 1226752K, used 547609K [0x0000000080000000, 0x00000000cae00000, 0x00000000d5580000)
  object space 1226752K, 44% used [0x0000000080000000,0x00000000a16c64f8,0x00000000cae00000)
 Metaspace       used 86609K, committed 88192K, reserved 1179648K
  class space    used 8519K, committed 9216K, reserved 1048576K
}
Event: 137506.545 GC heap after
{Heap after GC invocations=2680 (full 5):
 PSYoungGen      total 37888K, used 132K [0x00000000d5580000, 0x00000000d7b80000, 0x0000000100000000)
  eden space 36864K, 0% used [0x00000000d5580000,0x00000000d5580000,0x00000000d7980000)
  from space 1024K, 12% used [0x00000000d7a00000,0x00000000d7a21210,0x00000000d7b00000)
  to   space 512K, 0% used [0x00000000d7b00000,0x00000000d7b00000,0x00000000d7b80000)
 ParOldGen       total 1226752K, used 547689K [0x0000000080000000, 0x00000000cae00000, 0x00000000d5580000)
  object space 1226752K, 44% used [0x0000000080000000,0x00000000a16da620,0x00000000cae00000)
 Metaspace       used 86609K, committed 88192K, reserved 1179648K
  class space    used 8519K, committed 9216K, reserved 1048576K
}
Event: 137506.545 GC heap before
{Heap before GC invocations=2681 (full 6):
 PSYoungGen      total 37888K, used 132K [0x00000000d5580000, 0x00000000d7b80000, 0x0000000100000000)
  eden space 36864K, 0% used [0x00000000d5580000,0x00000000d5580000,0x00000000d7980000)
  from space 1024K, 12% used [0x00000000d7a00000,0x00000000d7a21210,0x00000000d7b00000)
  to   space 512K, 0% used [0x00000000d7b00000,0x00000000d7b00000,0x00000000d7b80000)
 ParOldGen       total 1226752K, used 547689K [0x0000000080000000, 0x00000000cae00000, 0x00000000d5580000)
  object space 1226752K, 44% used [0x0000000080000000,0x00000000a16da620,0x00000000cae00000)
 Metaspace       used 86609K, committed 88192K, reserved 1179648K
  class space    used 8519K, committed 9216K, reserved 1048576K
}
Event: 137508.106 GC heap after
{Heap after GC invocations=2681 (full 6):
 PSYoungGen      total 37888K, used 0K [0x00000000d5580000, 0x00000000d7b80000, 0x0000000100000000)
  eden space 36864K, 0% used [0x00000000d5580000,0x00000000d5580000,0x00000000d7980000)
  from space 1024K, 0% used [0x00000000d7a00000,0x00000000d7a00000,0x00000000d7b00000)
  to   space 512K, 0% used [0x00000000d7b00000,0x00000000d7b00000,0x00000000d7b80000)
 ParOldGen       total 1226752K, used 125082K [0x0000000080000000, 0x00000000cae00000, 0x00000000d5580000)
  object space 1226752K, 10% used [0x0000000080000000,0x0000000087a26b18,0x00000000cae00000)
 Metaspace       used 86609K, committed 88192K, reserved 1179648K
  class space    used 8519K, committed 9216K, reserved 1048576K
}
Event: 137565.107 GC heap before
{Heap before GC invocations=2682 (full 6):
 PSYoungGen      total 37888K, used 36864K [0x00000000d5580000, 0x00000000d7b80000, 0x0000000100000000)
  eden space 36864K, 100% used [0x00000000d5580000,0x00000000d7980000,0x00000000d7980000)
  from space 1024K, 0% used [0x00000000d7a00000,0x00000000d7a00000,0x00000000d7b00000)
  to   space 512K, 0% used [0x00000000d7b00000,0x00000000d7b00000,0x00000000d7b80000)
 ParOldGen       total 1226752K, used 125082K [0x0000000080000000, 0x00000000cae00000, 0x00000000d5580000)
  object space 1226752K, 10% used [0x0000000080000000,0x0000000087a26b18,0x00000000cae00000)
 Metaspace       used 86621K, committed 88192K, reserved 1179648K
  class space    used 8520K, committed 9216K, reserved 1048576K
}
Event: 137565.111 GC heap after
{Heap after GC invocations=2682 (full 6):
 PSYoungGen      total 36352K, used 256K [0x00000000d5580000, 0x00000000d7b80000, 0x0000000100000000)
  eden space 35840K, 0% used [0x00000000d5580000,0x00000000d5580000,0x00000000d7880000)
  from space 512K, 50% used [0x00000000d7b00000,0x00000000d7b40000,0x00000000d7b80000)
  to   space 512K, 0% used [0x00000000d7a80000,0x00000000d7a80000,0x00000000d7b00000)
 ParOldGen       total 1226752K, used 125082K [0x0000000080000000, 0x00000000cae00000, 0x00000000d5580000)
  object space 1226752K, 10% used [0x0000000080000000,0x0000000087a26b18,0x00000000cae00000)
 Metaspace       used 86621K, committed 88192K, reserved 1179648K
  class space    used 8520K, committed 9216K, reserved 1048576K
}
Event: 137582.261 GC heap before
{Heap before GC invocations=2683 (full 6):
 PSYoungGen      total 36352K, used 36096K [0x00000000d5580000, 0x00000000d7b80000, 0x0000000100000000)
  eden space 35840K, 100% used [0x00000000d5580000,0x00000000d7880000,0x00000000d7880000)
  from space 512K, 50% used [0x00000000d7b00000,0x00000000d7b40000,0x00000000d7b80000)
  to   space 512K, 0% used [0x00000000d7a80000,0x00000000d7a80000,0x00000000d7b00000)
 ParOldGen       total 1226752K, used 125082K [0x0000000080000000, 0x00000000cae00000, 0x00000000d5580000)
  object space 1226752K, 10% used [0x0000000080000000,0x0000000087a26b18,0x00000000cae00000)
 Metaspace       used 86636K, committed 88192K, reserved 1179648K
  class space    used 8520K, committed 9216K, reserved 1048576K
}
Event: 137582.263 GC heap after
{Heap after GC invocations=2683 (full 6):
 PSYoungGen      total 35328K, used 352K [0x00000000d5580000, 0x00000000d7b80000, 0x0000000100000000)
  eden space 34816K, 0% used [0x00000000d5580000,0x00000000d5580000,0x00000000d7780000)
  from space 512K, 68% used [0x00000000d7a80000,0x00000000d7ad8000,0x00000000d7b00000)
  to   space 512K, 0% used [0x00000000d7b00000,0x00000000d7b00000,0x00000000d7b80000)
 ParOldGen       total 1226752K, used 125146K [0x0000000080000000, 0x00000000cae00000, 0x00000000d5580000)
  object space 1226752K, 10% used [0x0000000080000000,0x0000000087a36b18,0x00000000cae00000)
 Metaspace       used 86636K, committed 88192K, reserved 1179648K
  class space    used 8520K, committed 9216K, reserved 1048576K
}

Dll operation events (12 events):
Event: 0.097 Loaded shared library c:\Users\Varsh\.vscode\extensions\redhat.java-1.47.0-win32-x64\jre\21.0.8-win32-x86_64\bin\java.dll
Event: 1.519 Loaded shared library c:\Users\Varsh\.vscode\extensions\redhat.java-1.47.0-win32-x64\jre\21.0.8-win32-x86_64\bin\zip.dll
Event: 2.238 Loaded shared library C:\Users\Varsh\.vscode\extensions\redhat.java-1.47.0-win32-x64\jre\21.0.8-win32-x86_64\bin\instrument.dll
Event: 2.446 Loaded shared library C:\Users\Varsh\.vscode\extensions\redhat.java-1.47.0-win32-x64\jre\21.0.8-win32-x86_64\bin\net.dll
Event: 2.585 Loaded shared library C:\Users\Varsh\.vscode\extensions\redhat.java-1.47.0-win32-x64\jre\21.0.8-win32-x86_64\bin\nio.dll
Event: 2.628 Loaded shared library C:\Users\Varsh\.vscode\extensions\redhat.java-1.47.0-win32-x64\jre\21.0.8-win32-x86_64\bin\zip.dll
Event: 3.434 Loaded shared library C:\Users\Varsh\.vscode\extensions\redhat.java-1.47.0-win32-x64\jre\21.0.8-win32-x86_64\bin\jimage.dll
Event: 4.205 Loaded shared library c:\Users\Varsh\.vscode\extensions\redhat.java-1.47.0-win32-x64\jre\21.0.8-win32-x86_64\bin\verify.dll
Event: 25.923 Loaded shared library C:\Users\Varsh\AppData\Roaming\Code\User\globalStorage\redhat.java\1.47.0\config_win\org.eclipse.equinox.launcher\org.eclipse.equinox.launcher.win32.win32.x86_64_1.2.1400.v20250801-0854\eclipse_11916.dll
Event: 69.219 Loaded shared library C:\Users\Varsh\AppData\Local\Temp\jna-82425756\jna15229443339336295768.dll
Event: 74.022 Loaded shared library C:\Users\Varsh\.vscode\extensions\redhat.java-1.47.0-win32-x64\jre\21.0.8-win32-x86_64\bin\sunmscapi.dll
Event: 77.500 Loaded shared library C:\Users\Varsh\.vscode\extensions\redhat.java-1.47.0-win32-x64\jre\21.0.8-win32-x86_64\bin\extnet.dll

Deoptimization events (20 events):
Event: 137581.729 Thread 0x000001af1169dc30 Uncommon trap: trap_request=0xffffff45 fr.pc=0x000001aebc3f7938 relative=0x0000000000000098
Event: 137581.729 Thread 0x000001af1169dc30 Uncommon trap: reason=unstable_if action=reinterpret pc=0x000001aebc3f7938 method=org.eclipse.core.internal.events.ResourceDelta.isPhantom()Z @ 7 c2
Event: 137581.729 Thread 0x000001af1169dc30 DEOPT PACKING pc=0x000001aebc3f7938 sp=0x000000220eefe7e0
Event: 137581.729 Thread 0x000001af1169dc30 DEOPT UNPACKING pc=0x000001aebbb83a9c sp=0x000000220eefe780 mode 2
Event: 137581.730 Thread 0x000001af1169dc30 Uncommon trap: trap_request=0xffffff45 fr.pc=0x000001aebc925acc relative=0x000000000000042c
Event: 137581.730 Thread 0x000001af1169dc30 Uncommon trap: reason=unstable_if action=reinterpret pc=0x000001aebc925acc method=org.eclipse.core.internal.events.ResourceDelta.isTeamPrivate()Z @ 7 c2
Event: 137581.730 Thread 0x000001af1169dc30 DEOPT PACKING pc=0x000001aebc925acc sp=0x000000220eefea80
Event: 137581.730 Thread 0x000001af1169dc30 DEOPT UNPACKING pc=0x000001aebbb83a9c sp=0x000000220eefe9a8 mode 2
Event: 137581.730 Thread 0x000001af1169dc30 Uncommon trap: trap_request=0xffffff45 fr.pc=0x000001aebc2646b4 relative=0x0000000000000ab4
Event: 137581.730 Thread 0x000001af1169dc30 Uncommon trap: reason=unstable_if action=reinterpret pc=0x000001aebc2646b4 method=org.eclipse.core.internal.events.ResourceDelta.getResource()Lorg/eclipse/core/resources/IResource; @ 44 c2
Event: 137581.730 Thread 0x000001af1169dc30 DEOPT PACKING pc=0x000001aebc2646b4 sp=0x000000220eefe8b0
Event: 137581.730 Thread 0x000001af1169dc30 DEOPT UNPACKING pc=0x000001aebbb83a9c sp=0x000000220eefe890 mode 2
Event: 137581.855 Thread 0x000001af0e6b4ec0 Uncommon trap: trap_request=0xffffffde fr.pc=0x000001aebdb17f2c relative=0x0000000000001eac
Event: 137581.855 Thread 0x000001af0e6b4ec0 Uncommon trap: reason=class_check action=maybe_recompile pc=0x000001aebdb17f2c method=org.eclipse.jdt.internal.core.search.indexing.IndexManager.updateMetaIndex(Ljava/lang/String;Ljava/util/List;)V @ 91 c2
Event: 137581.855 Thread 0x000001af0e6b4ec0 DEOPT PACKING pc=0x000001aebdb17f2c sp=0x000000220e3ff010
Event: 137581.855 Thread 0x000001af0e6b4ec0 DEOPT UNPACKING pc=0x000001aebbb83a9c sp=0x000000220e3ff020 mode 2
Event: 137583.040 Thread 0x000001af1097e930 Uncommon trap: trap_request=0xfffffff4 fr.pc=0x000001aebdc5af84 relative=0x0000000000002404
Event: 137583.040 Thread 0x000001af1097e930 Uncommon trap: reason=null_check action=make_not_entrant pc=0x000001aebdc5af84 method=org.eclipse.jdt.internal.core.index.MemoryIndex.addQueryResults([[C[CILorg/eclipse/jdt/internal/compiler/util/HashtableOfObject;)Lorg/eclipse/jdt/internal/compiler/util/
Event: 137583.040 Thread 0x000001af1097e930 DEOPT PACKING pc=0x000001aebdc5af84 sp=0x000000220ddfddd0
Event: 137583.040 Thread 0x000001af1097e930 DEOPT UNPACKING pc=0x000001aebbb83a9c sp=0x000000220ddfdd48 mode 2

Classes loaded (20 events):
Event: 136864.683 Loading class sun/security/provider/certpath/OCSPResponse$SingleResponse
Event: 136864.684 Loading class sun/security/provider/certpath/OCSP$RevocationStatus
Event: 136864.684 Loading class sun/security/provider/certpath/OCSP$RevocationStatus done
Event: 136864.684 Loading class sun/security/provider/certpath/OCSPResponse$SingleResponse done
Event: 136864.684 Loading class sun/security/provider/certpath/CertId
Event: 136864.685 Loading class sun/security/provider/certpath/CertId done
Event: 136864.685 Loading class sun/security/provider/certpath/OCSP$RevocationStatus$CertStatus
Event: 136864.685 Loading class sun/security/provider/certpath/OCSP$RevocationStatus$CertStatus done
Event: 136864.738 Loading class sun/security/ssl/CertificateVerify$T13CertificateVerifyMessage
Event: 136864.821 Loading class sun/security/ssl/CertificateVerify$T13CertificateVerifyMessage done
Event: 136864.960 Loading class sun/security/ssl/SSLBasicKeyDerivation
Event: 136864.984 Loading class sun/security/ssl/SSLBasicKeyDerivation done
Event: 136864.986 Loading class sun/security/ssl/SSLBasicKeyDerivation$SecretSizeSpec
Event: 136864.987 Loading class sun/security/ssl/SSLBasicKeyDerivation$SecretSizeSpec done
Event: 136865.127 Loading class sun/security/ssl/PostHandshakeContext
Event: 136865.305 Loading class sun/security/ssl/PostHandshakeContext done
Event: 136865.306 Loading class sun/security/ssl/NewSessionTicket$T13NewSessionTicketMessage
Event: 136865.307 Loading class sun/security/ssl/NewSessionTicket$T13NewSessionTicketMessage done
Event: 137506.094 Loading class java/lang/StringLatin1$LinesSpliterator
Event: 137506.289 Loading class java/lang/StringLatin1$LinesSpliterator done

Classes unloaded (20 events):
Event: 136565.370 Thread 0x000001aec7def9d0 Unloading class 0x000001aec9018800 'java/lang/invoke/LambdaForm$MH+0x000001aec9018800'
Event: 136565.371 Thread 0x000001aec7def9d0 Unloading class 0x000001aec900d800 'java/lang/invoke/LambdaForm$MH+0x000001aec900d800'
Event: 136565.372 Thread 0x000001aec7def9d0 Unloading class 0x000001aec900d400 'java/lang/invoke/LambdaForm$MH+0x000001aec900d400'
Event: 136565.372 Thread 0x000001aec7def9d0 Unloading class 0x000001aec900d000 'java/lang/invoke/LambdaForm$MH+0x000001aec900d000'
Event: 136565.372 Thread 0x000001aec7def9d0 Unloading class 0x000001aec900cc00 'java/lang/invoke/LambdaForm$MH+0x000001aec900cc00'
Event: 136565.372 Thread 0x000001aec7def9d0 Unloading class 0x000001aec900c800 'java/lang/invoke/LambdaForm$BMH+0x000001aec900c800'
Event: 136565.372 Thread 0x000001aec7def9d0 Unloading class 0x000001aec900c000 'java/lang/invoke/LambdaForm$DMH+0x000001aec900c000'
Event: 136565.372 Thread 0x000001aec7def9d0 Unloading class 0x000001aec9008c00 'java/lang/invoke/LambdaForm$MH+0x000001aec9008c00'
Event: 136565.372 Thread 0x000001aec7def9d0 Unloading class 0x000001aec9008800 'java/lang/invoke/LambdaForm$MH+0x000001aec9008800'
Event: 136565.372 Thread 0x000001aec7def9d0 Unloading class 0x000001aec9008400 'java/lang/invoke/LambdaForm$MH+0x000001aec9008400'
Event: 136565.372 Thread 0x000001aec7def9d0 Unloading class 0x000001aec9007000 'java/lang/invoke/LambdaForm$MH+0x000001aec9007000'
Event: 136565.372 Thread 0x000001aec7def9d0 Unloading class 0x000001aec9006800 'java/lang/invoke/LambdaForm$MH+0x000001aec9006800'
Event: 136565.372 Thread 0x000001aec7def9d0 Unloading class 0x000001aec9006400 'java/lang/invoke/LambdaForm$MH+0x000001aec9006400'
Event: 136565.372 Thread 0x000001aec7def9d0 Unloading class 0x000001aec9006000 'java/lang/invoke/LambdaForm$MH+0x000001aec9006000'
Event: 136565.372 Thread 0x000001aec7def9d0 Unloading class 0x000001aec9005c00 'java/lang/invoke/LambdaForm$BMH+0x000001aec9005c00'
Event: 136565.372 Thread 0x000001aec7def9d0 Unloading class 0x000001aec9004800 'java/lang/invoke/LambdaForm$DMH+0x000001aec9004800'
Event: 136565.372 Thread 0x000001aec7def9d0 Unloading class 0x000001aec9002800 'java/lang/invoke/LambdaForm$MH+0x000001aec9002800'
Event: 136565.372 Thread 0x000001aec7def9d0 Unloading class 0x000001aec9002400 'java/lang/invoke/LambdaForm$MH+0x000001aec9002400'
Event: 136565.372 Thread 0x000001aec7def9d0 Unloading class 0x000001aec9002000 'java/lang/invoke/LambdaForm$MH+0x000001aec9002000'
Event: 136565.372 Thread 0x000001aec7def9d0 Unloading class 0x000001aec9001800 'java/lang/invoke/LambdaForm$MH+0x000001aec9001800'

Classes redefined (0 events):
No events

Internal exceptions (20 events):
Event: 137506.162 Thread 0x000001af1097e930 Exception <a 'java/lang/ClassNotFoundException'{0x00000000d6f8ef80}: sun/net/www/protocol/jdt/Handler> (0x00000000d6f8ef80) 
thrown [s\src\hotspot\share\classfile\systemDictionary.cpp, line 312]
Event: 137506.162 Thread 0x000001af1097e930 Exception <a 'java/lang/ClassNotFoundException'{0x00000000d6f913f8}: sun/net/www/protocol/jdt/Handler> (0x00000000d6f913f8) 
thrown [s\src\hotspot\share\classfile\systemDictionary.cpp, line 312]
Event: 137506.162 Thread 0x000001af1097e930 Exception <a 'java/lang/ClassNotFoundException'{0x00000000d6f938a0}: sun/net/www/protocol/jdt/Handler> (0x00000000d6f938a0) 
thrown [s\src\hotspot\share\classfile\systemDictionary.cpp, line 312]
Event: 137506.162 Thread 0x000001af1097e930 Exception <a 'java/lang/ClassNotFoundException'{0x00000000d6f95ef8}: sun/net/www/protocol/jdt/Handler> (0x00000000d6f95ef8) 
thrown [s\src\hotspot\share\classfile\systemDictionary.cpp, line 312]
Event: 137506.162 Thread 0x000001af1097e930 Exception <a 'java/lang/ClassNotFoundException'{0x00000000d6f985b0}: sun/net/www/protocol/jdt/Handler> (0x00000000d6f985b0) 
thrown [s\src\hotspot\share\classfile\systemDictionary.cpp, line 312]
Event: 137506.163 Thread 0x000001af1097e930 Exception <a 'java/lang/ClassNotFoundException'{0x00000000d6f9b9d0}: sun/net/www/protocol/jdt/Handler> (0x00000000d6f9b9d0) 
thrown [s\src\hotspot\share\classfile\systemDictionary.cpp, line 312]
Event: 137506.163 Thread 0x000001af1097e930 Exception <a 'java/lang/ClassNotFoundException'{0x00000000d6f9e870}: sun/net/www/protocol/jdt/Handler> (0x00000000d6f9e870) 
thrown [s\src\hotspot\share\classfile\systemDictionary.cpp, line 312]
Event: 137506.163 Thread 0x000001af1097e930 Exception <a 'java/lang/ClassNotFoundException'{0x00000000d6fa1720}: sun/net/www/protocol/jdt/Handler> (0x00000000d6fa1720) 
thrown [s\src\hotspot\share\classfile\systemDictionary.cpp, line 312]
Event: 137506.163 Thread 0x000001af1097e930 Exception <a 'java/lang/ClassNotFoundException'{0x00000000d6fa4578}: sun/net/www/protocol/jdt/Handler> (0x00000000d6fa4578) 
thrown [s\src\hotspot\share\classfile\systemDictionary.cpp, line 312]
Event: 137506.163 Thread 0x000001af1097e930 Exception <a 'java/lang/ClassNotFoundException'{0x00000000d6fa7418}: sun/net/www/protocol/jdt/Handler> (0x00000000d6fa7418) 
thrown [s\src\hotspot\share\classfile\systemDictionary.cpp, line 312]
Event: 137506.164 Thread 0x000001af1097e930 Exception <a 'java/lang/ClassNotFoundException'{0x00000000d6faa500}: sun/net/www/protocol/jdt/Handler> (0x00000000d6faa500) 
thrown [s\src\hotspot\share\classfile\systemDictionary.cpp, line 312]
Event: 137506.164 Thread 0x000001af1097e930 Exception <a 'java/lang/ClassNotFoundException'{0x00000000d6fad3b8}: sun/net/www/protocol/jdt/Handler> (0x00000000d6fad3b8) 
thrown [s\src\hotspot\share\classfile\systemDictionary.cpp, line 312]
Event: 137506.164 Thread 0x000001af1097e930 Exception <a 'java/lang/ClassNotFoundException'{0x00000000d6fb0230}: sun/net/www/protocol/jdt/Handler> (0x00000000d6fb0230) 
thrown [s\src\hotspot\share\classfile\systemDictionary.cpp, line 312]
Event: 137506.164 Thread 0x000001af1097e930 Exception <a 'java/lang/ClassNotFoundException'{0x00000000d6fb3590}: sun/net/www/protocol/jdt/Handler> (0x00000000d6fb3590) 
thrown [s\src\hotspot\share\classfile\systemDictionary.cpp, line 312]
Event: 137581.507 Thread 0x000001af116a0a20 Implicit null exception at 0x000001aebcdec403 to 0x000001aebcdeca2c
Event: 137581.544 Thread 0x000001af0e6b4ec0 Exception <a 'sun/nio/fs/WindowsException'{0x00000000d5ce0a78}> (0x00000000d5ce0a78) 
thrown [s\src\hotspot\share\prims\jni.cpp, line 520]
Event: 137581.842 Thread 0x000001af0e6b4ec0 Exception <a 'sun/nio/fs/WindowsException'{0x00000000d7017c30}> (0x00000000d7017c30) 
thrown [s\src\hotspot\share\prims\jni.cpp, line 520]
Event: 137583.040 Thread 0x000001af1097e930 Implicit null exception at 0x000001aebdc59c14 to 0x000001aebdc5af48
Event: 137587.910 Thread 0x000001af0e6b4ec0 Exception <a 'sun/nio/fs/WindowsException'{0x00000000d64e66c8}> (0x00000000d64e66c8) 
thrown [s\src\hotspot\share\prims\jni.cpp, line 520]
Event: 137588.112 Thread 0x000001af0e6b4ec0 Exception <a 'sun/nio/fs/WindowsException'{0x00000000d70be1c8}> (0x00000000d70be1c8) 
thrown [s\src\hotspot\share\prims\jni.cpp, line 520]

ZGC Phase Switch (0 events):
No events

VM Operations (20 events):
Event: 137583.265 Executing VM operation: Cleanup
Event: 137583.266 Executing VM operation: Cleanup done
Event: 137584.270 Executing VM operation: Cleanup
Event: 137584.270 Executing VM operation: Cleanup done
Event: 137588.292 Executing VM operation: Cleanup
Event: 137588.292 Executing VM operation: Cleanup done
Event: 137590.912 Executing VM operation: HandshakeAllThreads (HandshakeForDeflation)
Event: 137590.912 Executing VM operation: HandshakeAllThreads (HandshakeForDeflation) done
Event: 137590.912 Executing VM operation: RendezvousGCThreads
Event: 137590.912 Executing VM operation: RendezvousGCThreads done
Event: 137719.742 Executing VM operation: Cleanup
Event: 137719.742 Executing VM operation: Cleanup done
Event: 139475.505 Executing VM operation: HandshakeAllThreads (HandshakeForDeflation)
Event: 139475.505 Executing VM operation: HandshakeAllThreads (HandshakeForDeflation) done
Event: 139475.505 Executing VM operation: RendezvousGCThreads
Event: 139475.505 Executing VM operation: RendezvousGCThreads done
Event: 139572.108 Executing VM operation: Cleanup
Event: 139572.108 Executing VM operation: Cleanup done
Event: 139586.214 Executing VM operation: Cleanup
Event: 139586.214 Executing VM operation: Cleanup done

Memory protections (0 events):
No events

Nmethod flushes (20 events):
Event: 137507.606 Thread 0x000001aec7def9d0 flushing  nmethod 0x000001aeb74f1890
Event: 137507.606 Thread 0x000001aec7def9d0 flushing  nmethod 0x000001aeb7512590
Event: 137507.606 Thread 0x000001aec7def9d0 flushing  nmethod 0x000001aeb751bf10
Event: 137507.606 Thread 0x000001aec7def9d0 flushing  nmethod 0x000001aeb751dc90
Event: 137507.606 Thread 0x000001aec7def9d0 flushing  nmethod 0x000001aeb751e110
Event: 137507.606 Thread 0x000001aec7def9d0 flushing  nmethod 0x000001aeb751ea10
Event: 137507.606 Thread 0x000001aec7def9d0 flushing  nmethod 0x000001aeb751f610
Event: 137507.606 Thread 0x000001aec7def9d0 flushing  nmethod 0x000001aeb7520310
Event: 137507.606 Thread 0x000001aec7def9d0 flushing  nmethod 0x000001aeb7520e90
Event: 137507.606 Thread 0x000001aec7def9d0 flushing  nmethod 0x000001aeb7522990
Event: 137507.606 Thread 0x000001aec7def9d0 flushing  nmethod 0x000001aeb7522e90
Event: 137507.606 Thread 0x000001aec7def9d0 flushing  nmethod 0x000001aeb752b810
Event: 137507.606 Thread 0x000001aec7def9d0 flushing  nmethod 0x000001aeb752f010
Event: 137507.606 Thread 0x000001aec7def9d0 flushing  nmethod 0x000001aeb7556610
Event: 137507.606 Thread 0x000001aec7def9d0 flushing  nmethod 0x000001aeb755c290
Event: 137507.606 Thread 0x000001aec7def9d0 flushing  nmethod 0x000001aeb757a310
Event: 137507.606 Thread 0x000001aec7def9d0 flushing osr nmethod 0x000001aeb7599190
Event: 137507.606 Thread 0x000001aec7def9d0 flushing  nmethod 0x000001aeb7617c90
Event: 137507.606 Thread 0x000001aec7def9d0 flushing  nmethod 0x000001aeb761af90
Event: 137507.606 Thread 0x000001aec7def9d0 flushing  nmethod 0x000001aeb761cb90

Events (20 events):
Event: 137403.024 Thread 0x000001af1157c870 Thread added: 0x000001af1157d590
Event: 137403.025 Thread 0x000001af1157d590 Thread exited: 0x000001af1157d590
Event: 137403.026 Thread 0x000001af1157cf00 Thread exited: 0x000001af1157cf00
Event: 137403.026 Thread 0x000001af1157c870 Thread exited: 0x000001af1157c870
Event: 137406.315 Thread 0x000001af1157c1e0 Thread exited: 0x000001af1157c1e0
Event: 137505.579 Thread 0x000001aec7e371f0 Thread added: 0x000001af0e880860
Event: 137511.339 Thread 0x000001af0e880860 Thread exited: 0x000001af0e880860
Event: 137528.686 Thread 0x000001af116a2af0 Thread exited: 0x000001af116a2af0
Event: 137528.686 Thread 0x000001af10980370 Thread exited: 0x000001af10980370
Event: 137643.695 Thread 0x000001af1097e930 Thread exited: 0x000001af1097e930
Event: 137703.695 Thread 0x000001af10980a00 Thread exited: 0x000001af10980a00
Event: 137718.774 Thread 0x000001af1169d5a0 Thread added: 0x000001af1157ae30
Event: 137718.775 Thread 0x000001af1157ae30 Thread exited: 0x000001af1157ae30
Event: 137718.777 Thread 0x000001af1169d5a0 Thread added: 0x000001af1157a7a0
Event: 137718.778 Thread 0x000001af1157a7a0 Thread added: 0x000001af1157e2b0
Event: 137718.779 Thread 0x000001af1157a7a0 Thread added: 0x000001af1157ae30
Event: 137718.779 Thread 0x000001af1157ae30 Thread exited: 0x000001af1157ae30
Event: 137718.779 Thread 0x000001af1157a7a0 Thread exited: 0x000001af1157a7a0
Event: 137718.779 Thread 0x000001af1157e2b0 Thread exited: 0x000001af1157e2b0
Event: 137763.695 Thread 0x000001af10983160 Thread exited: 0x000001af10983160


Dynamic libraries:
0x00007ff780920000 - 0x00007ff78092e000 	c:\Users\Varsh\.vscode\extensions\redhat.java-1.47.0-win32-x64\jre\21.0.8-win32-x86_64\bin\java.exe
0x00007ffc3ad80000 - 0x00007ffc3afe8000 	C:\WINDOWS\SYSTEM32\ntdll.dll
0x00007ffc38d90000 - 0x00007ffc38e59000 	C:\WINDOWS\System32\KERNEL32.DLL
0x00007ffc38460000 - 0x00007ffc38852000 	C:\WINDOWS\System32\KERNELBASE.dll
0x00007ffc319a0000 - 0x00007ffc31a3f000 	C:\WINDOWS\SYSTEM32\apphelp.dll
0x00007ffc38080000 - 0x00007ffc381cb000 	C:\WINDOWS\System32\ucrtbase.dll
0x00007ffc26820000 - 0x00007ffc2683e000 	c:\Users\Varsh\.vscode\extensions\redhat.java-1.47.0-win32-x64\jre\21.0.8-win32-x86_64\bin\VCRUNTIME140.dll
0x00007ffc1b3e0000 - 0x00007ffc1b3f8000 	c:\Users\Varsh\.vscode\extensions\redhat.java-1.47.0-win32-x64\jre\21.0.8-win32-x86_64\bin\jli.dll
0x00007ffc390c0000 - 0x00007ffc39285000 	C:\WINDOWS\System32\USER32.dll
0x00007ffc20350000 - 0x00007ffc205e3000 	C:\WINDOWS\WinSxS\amd64_microsoft.windows.common-controls_6595b64144ccf1df_6.0.26100.6682_none_3e0e9e60e32ebb61\COMCTL32.dll
0x00007ffc381d0000 - 0x00007ffc381f7000 	C:\WINDOWS\System32\win32u.dll
0x00007ffc39d70000 - 0x00007ffc39e19000 	C:\WINDOWS\System32\msvcrt.dll
0x00007ffc38fd0000 - 0x00007ffc38ffb000 	C:\WINDOWS\System32\GDI32.dll
0x00007ffc38330000 - 0x00007ffc3845d000 	C:\WINDOWS\System32\gdi32full.dll
0x00007ffc38a90000 - 0x00007ffc38b33000 	C:\WINDOWS\System32\msvcp_win.dll
0x00007ffc3a3f0000 - 0x00007ffc3a41f000 	C:\WINDOWS\System32\IMM32.DLL
0x00007ffc26ac0000 - 0x00007ffc26acc000 	c:\Users\Varsh\.vscode\extensions\redhat.java-1.47.0-win32-x64\jre\21.0.8-win32-x86_64\bin\vcruntime140_1.dll
0x00007ffbac3a0000 - 0x00007ffbac42d000 	c:\Users\Varsh\.vscode\extensions\redhat.java-1.47.0-win32-x64\jre\21.0.8-win32-x86_64\bin\msvcp140.dll
0x00007ffb56050000 - 0x00007ffb56de7000 	c:\Users\Varsh\.vscode\extensions\redhat.java-1.47.0-win32-x64\jre\21.0.8-win32-x86_64\bin\server\jvm.dll
0x00007ffc39000000 - 0x00007ffc390b4000 	C:\WINDOWS\System32\ADVAPI32.dll
0x00007ffc39fd0000 - 0x00007ffc3a076000 	C:\WINDOWS\System32\sechost.dll
0x00007ffc3a230000 - 0x00007ffc3a348000 	C:\WINDOWS\System32\RPCRT4.dll
0x00007ffc3a370000 - 0x00007ffc3a3e4000 	C:\WINDOWS\System32\WS2_32.dll
0x00007ffc37d80000 - 0x00007ffc37dde000 	C:\WINDOWS\SYSTEM32\POWRPROF.dll
0x00007ffc24030000 - 0x00007ffc24065000 	C:\WINDOWS\SYSTEM32\WINMM.dll
0x00007ffc2cb10000 - 0x00007ffc2cb1b000 	C:\WINDOWS\SYSTEM32\VERSION.dll
0x00007ffc37d60000 - 0x00007ffc37d74000 	C:\WINDOWS\SYSTEM32\UMPDC.dll
0x00007ffc36c90000 - 0x00007ffc36cab000 	C:\WINDOWS\SYSTEM32\kernel.appcore.dll
0x00007ffc26450000 - 0x00007ffc2645a000 	c:\Users\Varsh\.vscode\extensions\redhat.java-1.47.0-win32-x64\jre\21.0.8-win32-x86_64\bin\jimage.dll
0x00007ffc35740000 - 0x00007ffc35982000 	C:\WINDOWS\SYSTEM32\DBGHELP.DLL
0x00007ffc39290000 - 0x00007ffc3960b000 	C:\WINDOWS\System32\combase.dll
0x00007ffc39e30000 - 0x00007ffc39f07000 	C:\WINDOWS\System32\OLEAUT32.dll
0x00007ffc0c8e0000 - 0x00007ffc0c91c000 	C:\WINDOWS\SYSTEM32\dbgcore.DLL
0x00007ffc38200000 - 0x00007ffc38298000 	C:\WINDOWS\System32\bcryptPrimitives.dll
0x00007ffc1f9d0000 - 0x00007ffc1f9df000 	c:\Users\Varsh\.vscode\extensions\redhat.java-1.47.0-win32-x64\jre\21.0.8-win32-x86_64\bin\instrument.dll
0x00007ffc0cf20000 - 0x00007ffc0cf3f000 	c:\Users\Varsh\.vscode\extensions\redhat.java-1.47.0-win32-x64\jre\21.0.8-win32-x86_64\bin\java.dll
0x00007ffc39610000 - 0x00007ffc39d61000 	C:\WINDOWS\System32\SHELL32.dll
0x00007ffc38860000 - 0x00007ffc389cb000 	C:\WINDOWS\System32\wintypes.dll
0x00007ffc35b20000 - 0x00007ffc3637f000 	C:\WINDOWS\SYSTEM32\windows.storage.dll
0x00007ffc3aa40000 - 0x00007ffc3ab32000 	C:\WINDOWS\System32\SHCORE.dll
0x00007ffc38b40000 - 0x00007ffc38ba2000 	C:\WINDOWS\System32\shlwapi.dll
0x00007ffc37e20000 - 0x00007ffc37e48000 	C:\WINDOWS\SYSTEM32\profapi.dll
0x00007ffc0bab0000 - 0x00007ffc0bac8000 	c:\Users\Varsh\.vscode\extensions\redhat.java-1.47.0-win32-x64\jre\21.0.8-win32-x86_64\bin\zip.dll
0x00007ffc18240000 - 0x00007ffc18250000 	C:\Users\Varsh\.vscode\extensions\redhat.java-1.47.0-win32-x64\jre\21.0.8-win32-x86_64\bin\net.dll
0x00007ffc2c9b0000 - 0x00007ffc2cad0000 	C:\WINDOWS\SYSTEM32\WINHTTP.dll
0x00007ffc371f0000 - 0x00007ffc3725b000 	C:\WINDOWS\system32\mswsock.dll
0x00007ffc05ad0000 - 0x00007ffc05ae6000 	C:\Users\Varsh\.vscode\extensions\redhat.java-1.47.0-win32-x64\jre\21.0.8-win32-x86_64\bin\nio.dll
0x00007ffc0caf0000 - 0x00007ffc0cb00000 	c:\Users\Varsh\.vscode\extensions\redhat.java-1.47.0-win32-x64\jre\21.0.8-win32-x86_64\bin\verify.dll
0x00007ffc04c40000 - 0x00007ffc04c84000 	C:\Users\Varsh\AppData\Roaming\Code\User\globalStorage\redhat.java\1.47.0\config_win\org.eclipse.equinox.launcher\org.eclipse.equinox.launcher.win32.win32.x86_64_1.2.1400.v20250801-0854\eclipse_11916.dll
0x00007ffc3a090000 - 0x00007ffc3a228000 	C:\WINDOWS\System32\ole32.dll
0x00007ffc37470000 - 0x00007ffc3748b000 	C:\WINDOWS\SYSTEM32\CRYPTSP.dll
0x00007ffc36bf0000 - 0x00007ffc36c2b000 	C:\WINDOWS\system32\rsaenh.dll
0x00007ffc37290000 - 0x00007ffc372bb000 	C:\WINDOWS\SYSTEM32\USERENV.dll
0x00007ffc37df0000 - 0x00007ffc37e16000 	C:\WINDOWS\SYSTEM32\bcrypt.dll
0x00007ffc37460000 - 0x00007ffc3746c000 	C:\WINDOWS\SYSTEM32\CRYPTBASE.dll
0x00007ffc36690000 - 0x00007ffc366c4000 	C:\WINDOWS\SYSTEM32\IPHLPAPI.DLL
0x00007ffc3a540000 - 0x00007ffc3a54a000 	C:\WINDOWS\System32\NSI.dll
0x00007ffc04d20000 - 0x00007ffc04d69000 	C:\Users\Varsh\AppData\Local\Temp\jna-82425756\jna15229443339336295768.dll
0x00007ffc38fc0000 - 0x00007ffc38fc8000 	C:\WINDOWS\System32\PSAPI.DLL
0x00007ffc28ed0000 - 0x00007ffc28eeb000 	\\?\C:\WINDOWS\system32\MpeHttpExt.dll
0x00007ffc2c120000 - 0x00007ffc2c13e000 	C:\WINDOWS\SYSTEM32\dhcpcsvc6.DLL
0x00007ffc2bc20000 - 0x00007ffc2bc43000 	C:\WINDOWS\SYSTEM32\dhcpcsvc.DLL
0x00007ffc318b0000 - 0x00007ffc318be000 	C:\Users\Varsh\.vscode\extensions\redhat.java-1.47.0-win32-x64\jre\21.0.8-win32-x86_64\bin\sunmscapi.dll
0x00007ffc37f00000 - 0x00007ffc38077000 	C:\WINDOWS\System32\CRYPT32.dll
0x00007ffc37710000 - 0x00007ffc37740000 	C:\WINDOWS\SYSTEM32\ncrypt.dll
0x00007ffc376c0000 - 0x00007ffc376ff000 	C:\WINDOWS\SYSTEM32\NTASN1.dll
0x00007ffc36720000 - 0x00007ffc36845000 	C:\WINDOWS\SYSTEM32\DNSAPI.dll
0x00007ffc2eb50000 - 0x00007ffc2eb5b000 	C:\Windows\System32\rasadhlp.dll
0x00007ffc2af80000 - 0x00007ffc2b006000 	C:\WINDOWS\System32\fwpuclnt.dll
0x00007ffc27480000 - 0x00007ffc27489000 	C:\Users\Varsh\.vscode\extensions\redhat.java-1.47.0-win32-x64\jre\21.0.8-win32-x86_64\bin\extnet.dll

JVMTI agents:
c:\Users\Varsh\.vscode\extensions\redhat.java-1.47.0-win32-x64\lombok\lombok-1.18.39-4050.jar path:c:\Users\Varsh\.vscode\extensions\redhat.java-1.47.0-win32-x64\jre\21.0.8-win32-x86_64\bin\instrument.dll, loaded, initialized, instrumentlib options:none

dbghelp: loaded successfully - version: 4.0.5 - missing functions: none
symbol engine: initialized successfully - sym options: 0x614 - pdb path: .;c:\Users\Varsh\.vscode\extensions\redhat.java-1.47.0-win32-x64\jre\21.0.8-win32-x86_64\bin;C:\WINDOWS\SYSTEM32;C:\WINDOWS\WinSxS\amd64_microsoft.windows.common-controls_6595b64144ccf1df_6.0.26100.6682_none_3e0e9e60e32ebb61;c:\Users\Varsh\.vscode\extensions\redhat.java-1.47.0-win32-x64\jre\21.0.8-win32-x86_64\bin\server;C:\Users\Varsh\AppData\Roaming\Code\User\globalStorage\redhat.java\1.47.0\config_win\org.eclipse.equinox.launcher\org.eclipse.equinox.launcher.win32.win32.x86_64_1.2.1400.v20250801-0854;C:\Users\Varsh\AppData\Local\Temp\jna-82425756;\\?\C:\WINDOWS\system32

VM Arguments:
jvm_args: --add-modules=ALL-SYSTEM --add-opens=java.base/java.util=ALL-UNNAMED --add-opens=java.base/java.lang=ALL-UNNAMED --add-opens=java.base/sun.nio.fs=ALL-UNNAMED -Declipse.application=org.eclipse.jdt.ls.core.id1 -Dosgi.bundles.defaultStartLevel=4 -Declipse.product=org.eclipse.jdt.ls.core.product -Djava.import.generatesMetadataFilesAtProjectRoot=false -DDetectVMInstallationsJob.disabled=true -Dfile.encoding=utf8 -XX:+UseParallelGC -XX:GCTimeRatio=4 -XX:AdaptiveSizePolicyWeight=90 -Dsun.zip.disableMemoryMapping=true -Xmx2G -Xms100m -Xlog:disable -javaagent:c:\Users\Varsh\.vscode\extensions\redhat.java-1.47.0-win32-x64\lombok\lombok-1.18.39-4050.jar -XX:+HeapDumpOnOutOfMemoryError -XX:HeapDumpPath=c:\Users\Varsh\AppData\Roaming\Code\User\workspaceStorage\b79f4f753b550173b9aa1c3b1c5025d1\redhat.java -Daether.dependencyCollector.impl=bf 
java_command: c:\Users\Varsh\.vscode\extensions\redhat.java-1.47.0-win32-x64\server\plugins\org.eclipse.equinox.launcher_1.7.100.v20251014-1222.jar -configuration c:\Users\Varsh\AppData\Roaming\Code\User\globalStorage\redhat.java\1.47.0\config_win -data c:\Users\Varsh\AppData\Roaming\Code\User\workspaceStorage\b79f4f753b550173b9aa1c3b1c5025d1\redhat.java\jdt_ws --pipe=\\.\pipe\lsp-7f85d7cd195a6301d30454e8f96113a4-sock
java_class_path (initial): c:\Users\Varsh\.vscode\extensions\redhat.java-1.47.0-win32-x64\server\plugins\org.eclipse.equinox.launcher_1.7.100.v20251014-1222.jar
Launcher Type: SUN_STANDARD

[Global flags]
    uintx AdaptiveSizePolicyWeight                 = 90                                        {product} {command line}
     intx CICompilerCount                          = 3                                         {product} {ergonomic}
    uintx GCTimeRatio                              = 4                                         {product} {command line}
     bool HeapDumpOnOutOfMemoryError               = true                                   {manageable} {command line}
    ccstr HeapDumpPath                             = c:\Users\Varsh\AppData\Roaming\Code\User\workspaceStorage\b79f4f753b550173b9aa1c3b1c5025d1\redhat.java         {manageable} {command line}
   size_t InitialHeapSize                          = 104857600                                 {product} {command line}
   size_t MaxHeapSize                              = 2147483648                                {product} {command line}
   size_t MaxNewSize                               = 715653120                                 {product} {ergonomic}
   size_t MinHeapDeltaBytes                        = 524288                                    {product} {ergonomic}
   size_t MinHeapSize                              = 104857600                                 {product} {command line}
   size_t NewSize                                  = 34603008                                  {product} {ergonomic}
    uintx NonNMethodCodeHeapSize                   = 5832780                                {pd product} {ergonomic}
    uintx NonProfiledCodeHeapSize                  = 122912730                              {pd product} {ergonomic}
   size_t OldSize                                  = 70254592                                  {product} {ergonomic}
    uintx ProfiledCodeHeapSize                     = 122912730                              {pd product} {ergonomic}
    uintx ReservedCodeCacheSize                    = 251658240                              {pd product} {ergonomic}
     bool SegmentedCodeCache                       = true                                      {product} {ergonomic}
   size_t SoftMaxHeapSize                          = 2147483648                             {manageable} {ergonomic}
     bool UseCompressedOops                        = true                           {product lp64_product} {ergonomic}
     bool UseLargePagesIndividualAllocation        = false                                  {pd product} {ergonomic}
     bool UseParallelGC                            = true                                      {product} {command line}

Logging:
Log output configuration:
 #0: stdout all=off uptime,level,tags foldmultilines=false
 #1: stderr all=off uptime,level,tags foldmultilines=false

Environment Variables:
PATH=C:\Program Files\Common Files\Oracle\Java\javapath;C:\ffmpeg\bin;C:\WINDOWS\system32;C:\WINDOWS;C:\WINDOWS\System32\Wbem;C:\WINDOWS\System32\WindowsPowerShell\v1.0\;C:\WINDOWS\System32\OpenSSH\;C:\Users\Varsh\AppData\Local\Microsoft\WindowsApps;C:\adb;C:\MinGW\bin;C:\Users\Varsh\AppData\Local\Programs\Python\Python312\Scripts\;C:\Users\Varsh\AppData\Local\Programs\Python\Python312\;C:\Users\Varsh\AppData\Local\Programs\Microsoft VS Code\bin;C:\Program Files\Git\cmd;C:\Program Files\Git\bin;C:\Program Files\nodejs;C:\Program Files\nodejs\node_modules\npm\bin;C:\Program Files\nodejs\;C:\ProgramData\chocolatey\bin;C:\Program Files\Java\jdk-24\bin;C:\Users\Varsh\AppData\Local\Packages\PythonSoftwareFoundation.Python.3.12_qbz5n2kfra8p0\LocalCache\local-packages\Python312\Scripts;;C:\WINDOWS\system32;C:\WINDOWS;C:\WINDOWS\System32\Wbem;C:\WINDOWS\System32\WindowsPowerShell\v1.0\;C:\WINDOWS\System32\OpenSSH\;C:\Program Files\dotnet\;C:\Users\Varsh\AppData\Local\Programs\Python\Python312\Scripts\;C:\Users\Varsh\AppData\Local\Programs\Python\Python312\;C:\Users\Varsh\AppData\Local\Microsoft\WindowsApps;C:\Users\Varsh\AppData\Local\Programs\Microsoft VS Code\bin;C:\MinGW\bin;C:\Program Files\nodejs;C:\Users\Varsh\AppData\Roaming\npm;C:\Users\Varsh\.dotnet\tools;
USERNAME=Varsh
OS=Windows_NT
PROCESSOR_IDENTIFIER=Intel64 Family 6 Model 142 Stepping 12, GenuineIntel
TMP=C:\Users\Varsh\AppData\Local\Temp
TEMP=C:\Users\Varsh\AppData\Local\Temp




Periodic native trim disabled

---------------  S Y S T E M  ---------------

OS:
 Windows 11 , 64 bit Build 26100 (10.0.26100.6690)
OS uptime: 2 days 17:48 hours
Hyper-V role detected

CPU: total 4 (initial active 4) (2 cores per cpu, 2 threads per core) family 6 model 142 stepping 12 microcode 0xf8, cx8, cmov, fxsr, ht, mmx, 3dnowpref, sse, sse2, sse3, ssse3, sse4.1, sse4.2, popcnt, lzcnt, tsc, tscinvbit, aes, erms, clmul, clflush, clflushopt, hv, rdtscp
Processor Information for processor 0
  Max Mhz: 2304, Current Mhz: 2304, Mhz Limit: 2304
Processor Information for processor 1
  Max Mhz: 2304, Current Mhz: 1502, Mhz Limit: 2304
Processor Information for processor 2
  Max Mhz: 2304, Current Mhz: 2304, Mhz Limit: 2304
Processor Information for processor 3
  Max Mhz: 2304, Current Mhz: 1502, Mhz Limit: 2304

Memory: 4k page, system-wide physical 12165M (921M free)
TotalPageFile size 27775M (AvailPageFile size 1M)
current process WorkingSet (physical memory assigned to process): 19M, peak: 1181M
current process commit charge ("private bytes"): 1608M, peak: 1623M

vm_info: OpenJDK 64-Bit Server VM (21.0.8+9-LTS) for windows-amd64 JRE (21.0.8+9-LTS), built on 2025-07-15T00:00:00Z by "admin" with MS VC++ 17.7 (VS2022)

END.
